<?xml version="1.0" encoding="UTF-8"?>
<!-- Generated by org.testng.reporters.JUnitReportReporter -->
<testsuite skipped="0" hostname="nvginws168" name="com.test.LoginTest" tests="1" failures="0" timestamp="23 Nov 2018 10:31:43 GMT" time="11.145" errors="0">
  <testcase name="yahoologintestmethod" time="11.145" classname="com.test.LoginTest"/>
</testsuite> <!-- com.test.LoginTest -->
