<?xml version="1.0" encoding="UTF-8"?>
<!-- Generated by org.testng.reporters.JUnitReportReporter -->
<testsuite skipped="0" hostname="nvginws168" name="com.test.LoginTest" tests="1" failures="0" timestamp="19 Nov 2018 13:12:30 GMT" time="8.975" errors="0">
  <testcase name="yahoologintestmethod" time="8.975" classname="com.test.LoginTest"/>
</testsuite> <!-- com.test.LoginTest -->
